<?xml version="1.0" encoding="UTF-8"?>
<robot generator="Robot 5.0.1 (Python 3.10.7 on win32)" generated="20221011 17:35:22.839" rpa="false" schemaversion="3">
<suite id="s1" name="Demo4" source="d:\Mine\Company\Ericsson 5\robot_project\selenium_suite\demo4.robot">
<test id="s1-t1" name="TC7" line="44">
<kw name="Launch Browser" library="demo">
<kw name="Open Browser" library="SeleniumLibrary">
<arg>browser=chrome</arg>
<arg>executable_path=D:${/}Software${/}chromedriver.exe</arg>
<doc>Opens a new browser instance to the optional ``url``.</doc>
<msg timestamp="20221011 17:35:23.714" level="INFO">Opening browser 'chrome' to base url 'None'.</msg>
<status status="PASS" starttime="20221011 17:35:23.712" endtime="20221011 17:35:29.824"/>
</kw>
<kw name="Maximize Browser Window" library="SeleniumLibrary">
<doc>Maximizes current browser window.</doc>
<status status="PASS" starttime="20221011 17:35:29.824" endtime="20221011 17:35:30.278"/>
</kw>
<kw name="Set Selenium Implicit Wait" library="SeleniumLibrary">
<arg>10s</arg>
<doc>Sets the implicit wait value used by Selenium.</doc>
<status status="PASS" starttime="20221011 17:35:30.278" endtime="20221011 17:35:30.287"/>
</kw>
<status status="PASS" starttime="20221011 17:35:23.708" endtime="20221011 17:35:30.290"/>
</kw>
<kw name="Go To" library="SeleniumLibrary">
<arg>url=https://www.irctc.co.in/nget/train-search</arg>
<doc>Navigates the current browser window to the provided ``url``.</doc>
<msg timestamp="20221011 17:35:30.294" level="INFO">Opening url 'https://www.irctc.co.in/nget/train-search'</msg>
<status status="PASS" starttime="20221011 17:35:30.294" endtime="20221011 17:35:57.203"/>
</kw>
<kw name="Run Keyword And Ignore Error" library="BuiltIn">
<var>${output}</var>
<arg>Click Element</arg>
<arg>xpath=//button[text()='OK12']</arg>
<doc>Runs the given keyword with the given arguments and ignores possible error.</doc>
<kw name="Click Element" library="SeleniumLibrary">
<arg>xpath=//button[text()='OK12']</arg>
<doc>Click the element identified by ``locator``.</doc>
<msg timestamp="20221011 17:35:57.267" level="INFO">Clicking element 'xpath=//button[text()='OK12']'.</msg>
<msg timestamp="20221011 17:36:27.032" level="INFO" html="true">&lt;/td&gt;&lt;/tr&gt;&lt;tr&gt;&lt;td colspan="3"&gt;&lt;a href="selenium-screenshot-12.png"&gt;&lt;img src="selenium-screenshot-12.png" width="800px"&gt;&lt;/a&gt;</msg>
<msg timestamp="20221011 17:36:27.036" level="FAIL">Element with locator 'xpath=//button[text()='OK12']' not found.</msg>
<status status="FAIL" starttime="20221011 17:35:57.220" endtime="20221011 17:36:27.230"/>
</kw>
<msg timestamp="20221011 17:36:27.235" level="INFO">${output} = ('FAIL', "Element with locator 'xpath=//button[text()='OK12']' not found.")</msg>
<status status="PASS" starttime="20221011 17:35:57.217" endtime="20221011 17:36:27.236"/>
</kw>
<kw name="Log To Console" library="BuiltIn">
<arg>${output}</arg>
<doc>Logs the given message to the console.</doc>
<status status="PASS" starttime="20221011 17:36:27.241" endtime="20221011 17:36:27.244"/>
</kw>
<status status="PASS" starttime="20221011 17:35:23.707" endtime="20221011 17:36:27.247"/>
</test>
<status status="PASS" starttime="20221011 17:35:22.856" endtime="20221011 17:36:27.254"/>
</suite>
<statistics>
<total>
<stat pass="1" fail="0" skip="0">All Tests</stat>
</total>
<tag>
</tag>
<suite>
<stat pass="1" fail="0" skip="0" id="s1" name="Demo4">Demo4</stat>
</suite>
</statistics>
<errors>
</errors>
</robot>
