<?xml version="1.0" encoding="UTF-8"?>
<robot generator="Robot 5.0.1 (Python 3.10.7 on win32)" generated="20221013 15:29:26.465" rpa="false" schemaversion="3">
<suite id="s1" name="Demo1 Windows" source="d:\Mine\Company\Ericsson 5\robot_project\appium_suite\demo1_windows.robot">
<test id="s1-t1" name="TC3" line="33">
<kw name="Open Application" library="AppiumLibrary">
<arg>remote_url=http://localhost:4723/wd/hub</arg>
<arg>platformName=windows</arg>
<arg>app=C:\\Users\\Balaji\\AppData\\Roaming\\Zoom\\bin\\Zoom.exe</arg>
<doc>Opens a new application to given Appium server.
Capabilities of appium server, Android and iOS,
Please check https://github.com/appium/appium/blob/master/docs/en/writing-running-appium/server-args.md
| *Option*            | *Man.* | *Description*     |
| remote_url          | Yes    | Appium server url |
| alias               | no     | alias             |</doc>
<status status="PASS" starttime="20221013 15:29:26.928" endtime="20221013 15:29:33.271"/>
</kw>
<kw name="Set Appium Timeout" library="AppiumLibrary">
<arg>10s</arg>
<doc>Sets the timeout in seconds used by various keywords.</doc>
<status status="PASS" starttime="20221013 15:29:33.273" endtime="20221013 15:29:33.276"/>
</kw>
<kw name="Wait Until Page Contains Element" library="AppiumLibrary">
<arg>xpath=//*[@Name='Sign In']</arg>
<doc>Waits until element specified with `locator` appears on current page.</doc>
<status status="PASS" starttime="20221013 15:29:33.279" endtime="20221013 15:29:34.205"/>
</kw>
<kw name="Click Element" library="AppiumLibrary">
<arg>xpath=//*[@Name='Sign In']</arg>
<doc>Click element identified by `locator`.</doc>
<msg timestamp="20221013 15:29:34.210" level="INFO">Clicking element 'xpath=//*[@Name='Sign In']'.</msg>
<status status="PASS" starttime="20221013 15:29:34.207" endtime="20221013 15:29:35.139"/>
</kw>
<kw name="Sleep" library="BuiltIn">
<arg>1s</arg>
<doc>Pauses the test executed for the given time.</doc>
<msg timestamp="20221013 15:29:36.146" level="INFO">Slept 1 second</msg>
<status status="PASS" starttime="20221013 15:29:35.140" endtime="20221013 15:29:36.146"/>
</kw>
<kw name="Input Text" library="AppiumLibrary">
<arg>xpath=//*[contains(@Name,'your email')]</arg>
<arg>hhh@gmail.com</arg>
<doc>Types the given `text` into text field identified by `locator`.</doc>
<msg timestamp="20221013 15:29:36.152" level="INFO">Typing text 'hhh@gmail.com' into text field 'xpath=//*[contains(@Name,'your email')]'</msg>
<status status="PASS" starttime="20221013 15:29:36.148" endtime="20221013 15:29:38.729"/>
</kw>
<kw name="Sleep" library="BuiltIn">
<arg>1s</arg>
<doc>Pauses the test executed for the given time.</doc>
<msg timestamp="20221013 15:29:39.740" level="INFO">Slept 1 second</msg>
<status status="PASS" starttime="20221013 15:29:38.730" endtime="20221013 15:29:39.740"/>
</kw>
<kw name="Click Element" library="AppiumLibrary">
<arg>xpath=//*[contains(@Name,'your password')]</arg>
<doc>Click element identified by `locator`.</doc>
<msg timestamp="20221013 15:29:39.744" level="INFO">Clicking element 'xpath=//*[contains(@Name,'your password')]'.</msg>
<status status="PASS" starttime="20221013 15:29:39.742" endtime="20221013 15:29:42.064"/>
</kw>
<kw name="Input Text" library="AppiumLibrary">
<arg>xpath=//*[contains(@Name,'your password')]</arg>
<arg>welcome123</arg>
<doc>Types the given `text` into text field identified by `locator`.</doc>
<msg timestamp="20221013 15:29:42.067" level="INFO">Typing text 'welcome123' into text field 'xpath=//*[contains(@Name,'your password')]'</msg>
<status status="PASS" starttime="20221013 15:29:42.065" endtime="20221013 15:29:44.098"/>
</kw>
<kw name="Sleep" library="BuiltIn">
<arg>1s</arg>
<doc>Pauses the test executed for the given time.</doc>
<msg timestamp="20221013 15:29:45.112" level="INFO">Slept 1 second</msg>
<status status="PASS" starttime="20221013 15:29:44.099" endtime="20221013 15:29:45.112"/>
</kw>
<kw name="Click Element" library="AppiumLibrary">
<arg>xpath=//*[@Name='Sign In']</arg>
<doc>Click element identified by `locator`.</doc>
<msg timestamp="20221013 15:29:45.124" level="INFO">Clicking element 'xpath=//*[@Name='Sign In']'.</msg>
<status status="PASS" starttime="20221013 15:29:45.114" endtime="20221013 15:29:47.726"/>
</kw>
<kw name="Wait Until Page Contains Element" library="AppiumLibrary">
<arg>xpath=//*[contains(@Name,'Incorrect')]</arg>
<doc>Waits until element specified with `locator` appears on current page.</doc>
<status status="PASS" starttime="20221013 15:29:47.737" endtime="20221013 15:29:51.347"/>
</kw>
<kw name="Get Element Attribute" library="AppiumLibrary">
<var>${name}</var>
<arg>xpath=//*[contains(@Name,'Incorrect')]</arg>
<arg>Name</arg>
<doc>Get element attribute using given attribute: name, value,...</doc>
<msg timestamp="20221013 15:29:53.039" level="INFO">Element 'xpath=//*[contains(@Name,'Incorrect')]' attribute 'Name' value 'Incorrect email or password' </msg>
<msg timestamp="20221013 15:29:53.040" level="INFO">${name} = Incorrect email or password</msg>
<status status="PASS" starttime="20221013 15:29:51.349" endtime="20221013 15:29:53.040"/>
</kw>
<kw name="Log To Console" library="BuiltIn">
<arg>${name}</arg>
<doc>Logs the given message to the console.</doc>
<status status="PASS" starttime="20221013 15:29:53.045" endtime="20221013 15:29:53.046"/>
</kw>
<kw name="Sleep" library="BuiltIn">
<arg>5s</arg>
<doc>Pauses the test executed for the given time.</doc>
<msg timestamp="20221013 15:29:58.067" level="INFO">Slept 5 seconds</msg>
<status status="PASS" starttime="20221013 15:29:53.047" endtime="20221013 15:29:58.071"/>
</kw>
<kw name="Close Application" library="AppiumLibrary" type="TEARDOWN">
<doc>Closes the current application and also close webdriver session.</doc>
<status status="PASS" starttime="20221013 15:29:58.074" endtime="20221013 15:29:58.377"/>
</kw>
<status status="PASS" starttime="20221013 15:29:26.926" endtime="20221013 15:29:58.385"/>
</test>
<status status="PASS" starttime="20221013 15:29:26.473" endtime="20221013 15:29:58.417"/>
</suite>
<statistics>
<total>
<stat pass="1" fail="0" skip="0">All Tests</stat>
</total>
<tag>
</tag>
<suite>
<stat pass="1" fail="0" skip="0" id="s1" name="Demo1 Windows">Demo1 Windows</stat>
</suite>
</statistics>
<errors>
</errors>
</robot>
